2021-08-28 19:45:19 [127.0.0.1][-][-][error][yii\web\HttpException:404] yii\base\InvalidRouteException: Unable to resolve the request "". in D:\openserver\OSPanel\domains\yiishop\vendor\yiisoft\yii2\base\Module.php:543
Stack trace:
#0 D:\openserver\OSPanel\domains\yiishop\vendor\yiisoft\yii2\web\Application.php(104): yii\base\Module->runAction('', Array)
#1 D:\openserver\OSPanel\domains\yiishop\vendor\yiisoft\yii2\base\Application.php(392): yii\web\Application->handleRequest(Object(yii\web\Request))
#2 D:\openserver\OSPanel\domains\yiishop\web\index.php(12): yii\base\Application->run()
#3 {main}

Next yii\web\NotFoundHttpException: Page not found. in D:\openserver\OSPanel\domains\yiishop\vendor\yiisoft\yii2\web\Application.php:116
Stack trace:
#0 D:\openserver\OSPanel\domains\yiishop\vendor\yiisoft\yii2\base\Application.php(392): yii\web\Application->handleRequest(Object(yii\web\Request))
#1 D:\openserver\OSPanel\domains\yiishop\web\index.php(12): yii\base\Application->run()
#2 {main}
2021-08-28 19:45:19 [127.0.0.1][-][-][info][application] $_GET = []

$_POST = []

$_FILES = []

$_COOKIE = [
    '_ga' => 'GA1.1.1066536157.1622184284'
    '_ym_uid' => '1622184285298022007'
    '_ym_d' => '1622184285'
    'csrftoken' => 'suZDpmb6c7qvOhXsRT5NsUGBThWJ4a15USwNrt4zd95KU133cx5xINi5W7MlrHKD'
    'PHPSESSID' => 'k39m5e9np9nkokf18t41fcjrh9'
    '_csrf' => 'e212dd6cf2678b9159d629d292db06e591aa16617d08914df4829c4a12c2a5d7a:2:{i:0;s:5:\"_csrf\";i:1;s:32:\"vU7l9sVW-CuAw1OVh0Rj08YQO62iuN9-\";}'
]

$_SESSION = [
    '__flash' => []
]

$_SERVER = [
    'DOCUMENT_ROOT' => 'D:\\openserver\\OSPanel\\domains\\yiishop\\web'
    'REMOTE_ADDR' => '127.0.0.1'
    'REMOTE_PORT' => '8096'
    'SERVER_SOFTWARE' => 'PHP 8.0.5 Development Server'
    'SERVER_PROTOCOL' => 'HTTP/1.1'
    'SERVER_NAME' => 'localhost'
    'SERVER_PORT' => '8081'
    'REQUEST_URI' => '/'
    'REQUEST_METHOD' => 'GET'
    'SCRIPT_NAME' => '/index.php'
    'SCRIPT_FILENAME' => 'D:\\openserver\\OSPanel\\domains\\yiishop\\web\\index.php'
    'PHP_SELF' => '/index.php'
    'HTTP_HOST' => 'localhost:8081'
    'HTTP_USER_AGENT' => 'Mozilla/5.0 (Windows NT 6.2; Win64; x64; rv:91.0) Gecko/20100101 Firefox/91.0'
    'HTTP_ACCEPT' => 'text/html,application/xhtml+xml,application/xml;q=0.9,image/webp,*/*;q=0.8'
    'HTTP_ACCEPT_LANGUAGE' => 'ru-RU,ru;q=0.8,en-US;q=0.5,en;q=0.3'
    'HTTP_ACCEPT_ENCODING' => 'gzip, deflate'
    'HTTP_CONNECTION' => 'keep-alive'
    'HTTP_COOKIE' => '_ga=GA1.1.1066536157.1622184284; _ym_uid=1622184285298022007; _ym_d=1622184285; csrftoken=suZDpmb6c7qvOhXsRT5NsUGBThWJ4a15USwNrt4zd95KU133cx5xINi5W7MlrHKD; PHPSESSID=k39m5e9np9nkokf18t41fcjrh9; _csrf=e212dd6cf2678b9159d629d292db06e591aa16617d08914df4829c4a12c2a5d7a%3A2%3A%7Bi%3A0%3Bs%3A5%3A%22_csrf%22%3Bi%3A1%3Bs%3A32%3A%22vU7l9sVW-CuAw1OVh0Rj08YQO62iuN9-%22%3B%7D'
    'HTTP_UPGRADE_INSECURE_REQUESTS' => '1'
    'HTTP_SEC_FETCH_DEST' => 'document'
    'HTTP_SEC_FETCH_MODE' => 'navigate'
    'HTTP_SEC_FETCH_SITE' => 'none'
    'HTTP_SEC_FETCH_USER' => '?1'
    'HTTP_CACHE_CONTROL' => 'max-age=0'
    'REQUEST_TIME_FLOAT' => 1630179919.8338
    'REQUEST_TIME' => 1630179919
]
